0 verbose cli C:\Program Files\nodejs\node.exe C:\Program Files\nodejs\node_modules\npm\bin\npm-cli.js
1 info using npm@10.1.0
2 info using node@v20.9.0
3 timing npm:load:whichnode Completed in 5ms
4 timing config:load:defaults Completed in 10ms
5 timing config:load:file:C:\Program Files\nodejs\node_modules\npm\npmrc Completed in 4ms
6 timing config:load:builtin Completed in 4ms
7 timing config:load:cli Completed in 4ms
8 timing config:load:env Completed in 1ms
9 timing config:load:file:C:\Users\123\Desktop\am_proj\bank-react-native\.npmrc Completed in 1ms
10 timing config:load:project Completed in 3ms
11 timing config:load:file:C:\Users\123\.npmrc Completed in 2ms
12 timing config:load:user Completed in 2ms
13 timing config:load:file:C:\Users\123\Desktop\am_proj\bank-react-native\Users123AppDataRoamingnpm\etc\npmrc Completed in 1ms
14 timing config:load:global Completed in 1ms
15 timing config:load:setEnvs Completed in 1ms
16 timing config:load Completed in 26ms
17 timing npm:load:configload Completed in 26ms
18 timing config:load:flatten Completed in 5ms
19 timing npm:load:mkdirpcache Completed in 0ms
20 timing npm:load:mkdirplogs Completed in 0ms
21 verbose title npm exec expo
22 verbose argv "exec" "--" "expo"
23 timing npm:load:setTitle Completed in 1ms
24 timing npm:load:display Completed in 1ms
25 verbose logfile logs-max:10 dir:C:\Users\123\Desktop\am_proj\bank-react-native\Users123AppDataLocalnpm-cache\_logs\2023-12-16T18_59_53_738Z-
26 verbose logfile C:\Users\123\Desktop\am_proj\bank-react-native\Users123AppDataLocalnpm-cache\_logs\2023-12-16T18_59_53_738Z-debug-0.log
27 timing npm:load:logFile Completed in 47ms
28 timing npm:load:timers Completed in 0ms
29 timing npm:load:configScope Completed in 0ms
30 timing npm:load Completed in 139ms
31 silly logfile start cleaning logs, removing 3 files
32 silly logfile done cleaning log files
33 timing command:exec Completed in 7306100ms
34 verbose exit 1
35 timing npm Completed in 7306863ms
36 verbose code 1
